Exception Occurred :系统找不到指定的文件。,   在 System.Diagnostics.Process.StartWithShellExecuteEx(ProcessStartInfo startInfo)
   在 System.Diagnostics.Process.Start()
   在 ScheduleJob.FixedTimePointSchedule.DoAction() 位置 C:\Users\Admin\source\repos\ScheduleJob\ScheduleJob\FixedTimePointSchedule.cs:行号 80
Exception Occurred :StandardOut 未重定向或者该进程尚未启动。,   在 System.Diagnostics.Process.get_StandardOutput()
   在 ScheduleJob.FixedTimePointSchedule.DoAction() 位置 C:\Users\Admin\source\repos\ScheduleJob\ScheduleJob\FixedTimePointSchedule.cs:行号 81
Exception Occurred :StandardOut 未重定向或者该进程尚未启动。,   在 System.Diagnostics.Process.get_StandardOutput()
   在 ScheduleJob.FixedTimePointSchedule.DoAction() 位置 C:\Users\Admin\source\repos\ScheduleJob\ScheduleJob\FixedTimePointSchedule.cs:行号 81
Exception Occurred :StandardOut 未重定向或者该进程尚未启动。,   在 System.Diagnostics.Process.get_StandardOutput()
   在 ScheduleJob.FixedTimePointSchedule.DoAction() 位置 C:\Users\Admin\source\repos\ScheduleJob\ScheduleJob\FixedTimePointSchedule.cs:行号 81
Exception Occurred :没有与此对象关联的进程。,   在 System.Diagnostics.Process.EnsureState(State state)
   在 System.Diagnostics.Process.EnsureState(State state)
   在 System.Diagnostics.Process.GetProcessHandle(Int32 access, Boolean throwIfExited)
   在 System.Diagnostics.Process.WaitForExit(Int32 milliseconds)
   在 System.Diagnostics.Process.WaitForExit()
   在 ScheduleJob.FixedTimePointSchedule.DoAction() 位置 C:\Users\Admin\source\repos\ScheduleJob\ScheduleJob\src\FixedTimePointSchedule.cs:行号 88
Exception Occurred :StandardOut 未重定向或者该进程尚未启动。,   在 System.Diagnostics.Process.get_StandardOutput()
   在 ScheduleJob.FixedTimePointSchedule.DoAction() 位置 C:\Users\Admin\source\repos\ScheduleJob\ScheduleJob\src\FixedTimePointSchedule.cs:行号 89
Exception Occurred :StandardOut 未重定向或者该进程尚未启动。,   在 System.Diagnostics.Process.get_StandardOutput()
   在 ScheduleJob.FixedTimePointSchedule.DoAction() 位置 C:\Users\Admin\source\repos\ScheduleJob\ScheduleJob\src\FixedTimePointSchedule.cs:行号 89
Exception Occurred :StandardOut 未重定向或者该进程尚未启动。,   在 System.Diagnostics.Process.get_StandardOutput()
   在 ScheduleJob.FixedTimePointSchedule.DoAction() 位置 C:\Users\Admin\source\repos\ScheduleJob\ScheduleJob\src\FixedTimePointSchedule.cs:行号 89
Exception Occurred :StandardOut 未重定向或者该进程尚未启动。,   在 System.Diagnostics.Process.get_StandardOutput()
   在 ScheduleJob.FixedTimePointSchedule.DoAction() 位置 C:\Users\Admin\source\repos\ScheduleJob\ScheduleJob\src\FixedTimePointSchedule.cs:行号 89
Exception Occurred :拒绝访问。,   在 System.Diagnostics.Process.Kill()
   在 ScheduleJob.FixedTimePointSchedule.CloseUnityProcess() 位置 C:\Users\Admin\source\repos\ScheduleJob\ScheduleJob\src\FixedTimePointSchedule.cs:行号 113
   在 ScheduleJob.FixedTimePointSchedule.DoAction() 位置 C:\Users\Admin\source\repos\ScheduleJob\ScheduleJob\src\FixedTimePointSchedule.cs:行号 80
Exception Occurred :StandardOut 未重定向或者该进程尚未启动。,   在 System.Diagnostics.Process.get_StandardOutput()
   在 ScheduleJob.FixedTimePointSchedule.DoAction() 位置 C:\Users\Admin\source\repos\ScheduleJob\ScheduleJob\src\FixedTimePointSchedule.cs:行号 89
Exception Occurred :StandardOut 未重定向或者该进程尚未启动。,   在 System.Diagnostics.Process.get_StandardOutput()
   在 ScheduleJob.FixedTimePointSchedule.DoAction() 位置 C:\Users\Admin\source\repos\ScheduleJob\ScheduleJob\src\FixedTimePointSchedule.cs:行号 89
Exception Occurred :StandardOut 未重定向或者该进程尚未启动。,   在 System.Diagnostics.Process.get_StandardOutput()
   在 ScheduleJob.FixedTimePointSchedule.DoAction() 位置 C:\Users\Admin\source\repos\ScheduleJob\ScheduleJob\src\FixedTimePointSchedule.cs:行号 89
Exception Occurred :StandardOut 未重定向或者该进程尚未启动。,   在 System.Diagnostics.Process.get_StandardOutput()
   在 ScheduleJob.FixedTimePointSchedule.DoAction() 位置 C:\Users\Admin\source\repos\ScheduleJob\ScheduleJob\src\FixedTimePointSchedule.cs:行号 89
Exception Occurred :StandardOut 未重定向或者该进程尚未启动。,   在 System.Diagnostics.Process.get_StandardOutput()
   在 ScheduleJob.FixedTimePointSchedule.DoAction() 位置 C:\Users\Admin\source\repos\ScheduleJob\ScheduleJob\src\FixedTimePointSchedule.cs:行号 89
Exception Occurred :StandardOut 未重定向或者该进程尚未启动。,   在 System.Diagnostics.Process.get_StandardOutput()
   在 ScheduleJob.FixedTimePointSchedule.DoAction() 位置 C:\Users\Admin\source\repos\ScheduleJob\ScheduleJob\src\FixedTimePointSchedule.cs:行号 91
Exception Occurred :StandardOut 未重定向或者该进程尚未启动。,   在 System.Diagnostics.Process.get_StandardOutput()
   在 ScheduleJob.FixedTimePointSchedule.DoAction() 位置 C:\Users\Admin\source\repos\ScheduleJob\ScheduleJob\src\FixedTimePointSchedule.cs:行号 85
Exception Occurred :StandardOut 未重定向或者该进程尚未启动。,   在 System.Diagnostics.Process.get_StandardOutput()
   在 ScheduleJob.FixedTimePointSchedule.DoAction() 位置 C:\Users\Admin\source\repos\ScheduleJob\ScheduleJob\src\FixedTimePointSchedule.cs:行号 85
Exception Occurred :StandardOut 未重定向或者该进程尚未启动。,   在 System.Diagnostics.Process.get_StandardOutput()
   在 ScheduleJob.FixedTimePointSchedule.DoAction() 位置 C:\Users\Admin\source\repos\ScheduleJob\ScheduleJob\src\FixedTimePointSchedule.cs:行号 88
Exception Occurred :StandardOut 未重定向或者该进程尚未启动。,   在 System.Diagnostics.Process.get_StandardOutput()
   在 ScheduleJob.FixedTimePointSchedule.DoAction() 位置 C:\Users\Admin\source\repos\ScheduleJob\ScheduleJob\src\FixedTimePointSchedule.cs:行号 88
Exception Occurred :StandardOut 未重定向或者该进程尚未启动。,   在 System.Diagnostics.Process.get_StandardOutput()
   在 ScheduleJob.FixedTimePointSchedule.DoAction() 位置 C:\Users\Admin\source\repos\ScheduleJob\ScheduleJob\src\FixedTimePointSchedule.cs:行号 104
Exception Occurred :StandardOut 未重定向或者该进程尚未启动。,   在 System.Diagnostics.Process.get_StandardOutput()
   在 ScheduleJob.FixedTimePointSchedule.DoAction() 位置 C:\Users\Admin\source\repos\ScheduleJob\ScheduleJob\src\FixedTimePointSchedule.cs:行号 104
Exception Occurred :StandardOut 未重定向或者该进程尚未启动。,   在 System.Diagnostics.Process.get_StandardOutput()
   在 ScheduleJob.FixedTimePointSchedule.DoAction() 位置 C:\Users\Admin\source\repos\ScheduleJob\ScheduleJob\src\FixedTimePointSchedule.cs:行号 105
