下一个任务的时间点: 2020/11/11 18:10:40
距离下一个任务的时间点，还需要毫秒数: 10335
时间到了，目前时间: 2020/11/11 18:10:40
下一个任务的时间点: 2020/11/11 18:12:25
距离下一个任务的时间点，还需要毫秒数: 10319
时间到了，目前时间: 2020/11/11 18:12:25
时间到了，目前时间: 2020/11/11 18:12:35
下一个任务的时间点: 2020/11/12 17:59:50
距离下一个任务的时间点，还需要毫秒数: 14177
时间到了，目前时间: 2020/11/12 17:59:50
10732
D:\Work\Project-LiveDirector\tools\client_tools\build\win\build_all.bat
下一个任务的时间点: 2020/11/12 18:59:45
距离下一个任务的时间点，还需要毫秒数: 16357
时间到了，目前时间: 2020/11/12 18:59:45
下一个任务的时间点: 2020/11/12 19:01:10
距离下一个任务的时间点，还需要毫秒数: 5092
时间到了，目前时间: 2020/11/12 19:01:10
下一个任务的时间点: 2020/11/12 19:02:15
距离下一个任务的时间点，还需要毫秒数: 2453
时间到了，目前时间: 2020/11/12 19:02:15
时间到了，目前时间: 2020/11/12 19:02:17
时间到了，目前时间: 2020/11/12 19:02:19
时间到了，目前时间: 2020/11/12 19:02:22
下一个任务的时间点: 2020/11/13 19:03:50
距离下一个任务的时间点，还需要毫秒数: 86399061
时间到了，目前时间: 2020/11/12 19:03:52
时间到了，目前时间: 2020/11/12 19:04:04
时间到了，目前时间: 2020/11/12 19:04:07
时间到了，目前时间: 2020/11/12 19:04:09
时间到了，目前时间: 2020/11/12 19:04:19
时间到了，目前时间: 2020/11/12 19:04:26
下一个任务的时间点: 2020/11/13 19:05:47
距离下一个任务的时间点，还需要毫秒数: 86387022
时间到了，目前时间: 2020/11/12 19:06:02
时间到了，目前时间: 2020/11/12 19:06:07
时间到了，目前时间: 2020/11/12 19:06:09
时间到了，目前时间: 2020/11/12 19:06:11
下一个任务的时间点: 2020/11/12 19:10:50
距离下一个任务的时间点，还需要毫秒数: 96093
时间到了，目前时间: 2020/11/12 19:09:15
时间到了，目前时间: 2020/11/12 19:09:17
时间到了，目前时间: 2020/11/12 19:09:19
时间到了，目前时间: 2020/11/12 19:09:21
时间到了，目前时间: 2020/11/12 19:09:23
时间到了，目前时间: 2020/11/12 19:09:25
时间到了，目前时间: 2020/11/12 19:09:27
时间到了，目前时间: 2020/11/12 19:09:29
下一个任务的时间点: 2020/11/12 19:10:50
距离下一个任务的时间点，还需要毫秒数: 32149
时间到了，目前时间: 2020/11/12 19:10:19
时间到了，目前时间: 2020/11/12 19:10:21
时间到了，目前时间: 2020/11/12 19:10:23
时间到了，目前时间: 2020/11/12 19:10:25
时间到了，目前时间: 2020/11/12 19:10:27
下一个任务的时间点: 2020/11/13 19:11:48
距离下一个任务的时间点，还需要毫秒数: 86394023
时间到了，目前时间: 2020/11/12 19:11:56
时间到了，目前时间: 2020/11/12 19:11:58
时间到了，目前时间: 2020/11/12 19:12:00
时间到了，目前时间: 2020/11/12 19:12:02
时间到了，目前时间: 2020/11/12 19:12:04
时间到了，目前时间: 2020/11/12 19:12:06
时间到了，目前时间: 2020/11/12 19:12:08
下一个任务的时间点: 2020/11/13 19:14:41
距离下一个任务的时间点，还需要毫秒数: 86395832
时间到了，目前时间: 2020/11/12 19:14:47
   在 ScheduleJob.FixedTimePointSchedule.Timer_Elapsed(Object sender, ElapsedEventArgs e)
   在 System.Timers.Timer.MyTimerCallback(Object state)
   在 System.Threading.TimerQueueTimer.CallCallbackInContext(Object state)
   在 System.Threading.ExecutionContext.RunInternal(ExecutionContext executionContext, ContextCallback callback, Object state, Boolean preserveSyncCtx)
   在 System.Threading.ExecutionContext.Run(ExecutionContext executionContext, ContextCallback callback, Object state, Boolean preserveSyncCtx)
   在 System.Threading.TimerQueueTimer.CallCallback()
   在 System.Threading.TimerQueueTimer.Fire()
   在 System.Threading.TimerQueue.FireNextTimers()
   在 System.Threading.TimerQueue.AppDomainTimerCallback(Int32 id)

下一个任务的时间点: 2020/11/12 19:18:40
距离下一个任务的时间点，还需要毫秒数: 22773
时间到了，目前时间: 2020/11/12 19:18:40
下一个任务的时间点: 2020/11/12 19:54:50
距离下一个任务的时间点，还需要毫秒数: 9388
下一个任务的时间点: 2020/11/12 19:54:50
距离下一个任务的时间点，还需要毫秒数: 6470
下一个任务的时间点: 2020/11/12 19:54:50
距离下一个任务的时间点，还需要毫秒数: 3534
时间到了，目前时间: 2020/11/12 19:54:50
下一个任务的时间点: 2020/11/13 19:54:50
距离下一个任务的时间点，还需要毫秒数: 86399977
下一个任务的时间点: 2020/11/13 19:55:40
距离下一个任务的时间点，还需要毫秒数: 86379837
下一个任务的时间点: 2020/11/12 19:57:00
距离下一个任务的时间点，还需要毫秒数: 20937
时间到了，目前时间: 2020/11/12 19:57:07
下一个任务的时间点: 2020/11/12 20:28:30
距离下一个任务的时间点，还需要毫秒数: 6484
时间到了，目前时间: 2020/11/12 20:28:30
下一个任务的时间点: 2020/11/12 20:30:40
距离下一个任务的时间点，还需要毫秒数: 15698
下一个任务的时间点: 2020/11/12 20:35:58
距离下一个任务的时间点，还需要毫秒数: 3547
时间到了，目前时间: 2020/11/12 20:35:58
下一个任务的时间点: 2020/11/12 20:37:45
距离下一个任务的时间点，还需要毫秒数: 12452
时间到了，目前时间: 2020/11/12 20:37:45
下一个任务的时间点: 2020/11/12 20:43:50
距离下一个任务的时间点，还需要毫秒数: 7255
时间到了，目前时间: 2020/11/12 20:43:50
下一个任务的时间点: 2020/11/13 20:43:50
距离下一个任务的时间点，还需要毫秒数: 86388450
下一个任务的时间点: 2020/11/13 20:43:50
距离下一个任务的时间点，还需要毫秒数: 86388081
下一个任务的时间点: 2020/11/13 20:43:50
距离下一个任务的时间点，还需要毫秒数: 86387666
下一个任务的时间点: 2020/11/13 20:43:50
距离下一个任务的时间点，还需要毫秒数: 86386026
下一个任务的时间点: 2020/11/13 20:44:45
距离下一个任务的时间点，还需要毫秒数: 86399456
下一个任务的时间点: 2020/11/12 20:46:58
距离下一个任务的时间点，还需要毫秒数: 7952
时间到了，目前时间: 2020/11/12 20:46:58
下一个任务的时间点: 2020/11/12 20:49:20
距离下一个任务的时间点，还需要毫秒数: 4615
时间到了，目前时间: 2020/11/12 20:49:20
下一个任务的时间点: 2020/11/13 3:00:00
距离下一个任务的时间点，还需要毫秒数: 22130296
